<?xml version="1.0" encoding="UTF-8"?>
<testsuite xmlns:xsi="http://www.w3.org/2001/XMLSchema-instance" xsi:noNamespaceSchemaLocation="https://maven.apache.org/surefire/maven-surefire-plugin/xsd/surefire-test-report-3.0.xsd" version="3.0" name="org.jrosales.junit5app.ejemplos.models.CuentaTest$VariableAmbienteTest" time="0.035" tests="5" errors="0" skipped="2" failures="0">
  <properties>
    <property name="sun.desktop" value="windows"/>
    <property name="awt.toolkit" value="sun.awt.windows.WToolkit"/>
    <property name="file.encoding.pkg" value="sun.io"/>
    <property name="java.specification.version" value="1.8"/>
    <property name="sun.cpu.isalist" value="amd64"/>
    <property name="sun.jnu.encoding" value="Cp1252"/>
    <property name="java.class.path" value="C:\VS\junit5_app\target\test-classes;C:\VS\junit5_app\target\classes;C:\Users\HTIJ-ROSALESJJ\.m2\repository\org\junit\jupiter\junit-jupiter-api\5.9.2\junit-jupiter-api-5.9.2.jar;C:\Users\HTIJ-ROSALESJJ\.m2\repository\org\opentest4j\opentest4j\1.2.0\opentest4j-1.2.0.jar;C:\Users\HTIJ-ROSALESJJ\.m2\repository\org\junit\platform\junit-platform-commons\1.9.2\junit-platform-commons-1.9.2.jar;C:\Users\HTIJ-ROSALESJJ\.m2\repository\org\apiguardian\apiguardian-api\1.1.2\apiguardian-api-1.1.2.jar;C:\Users\HTIJ-ROSALESJJ\.m2\repository\org\junit\jupiter\junit-jupiter-engine\5.9.2\junit-jupiter-engine-5.9.2.jar;C:\Users\HTIJ-ROSALESJJ\.m2\repository\org\junit\platform\junit-platform-engine\1.9.2\junit-platform-engine-1.9.2.jar;C:\Users\HTIJ-ROSALESJJ\.m2\repository\org\junit\jupiter\junit-jupiter-params\5.9.2\junit-jupiter-params-5.9.2.jar;"/>
    <property name="java.vm.vendor" value="Oracle Corporation"/>
    <property name="sun.arch.data.model" value="64"/>
    <property name="user.variant" value=""/>
    <property name="java.vendor.url" value="http://java.oracle.com/"/>
    <property name="user.timezone" value="America/Los_Angeles"/>
    <property name="java.vm.specification.version" value="1.8"/>
    <property name="os.name" value="Windows 10"/>
    <property name="user.country" value="MX"/>
    <property name="sun.java.launcher" value="SUN_STANDARD"/>
    <property name="sun.boot.library.path" value="C:\Program Files\Java\jdk1.8.0_311\jre\bin"/>
    <property name="sun.java.command" value="C:\Users\HTIJ-ROSALESJJ\AppData\Local\Temp\surefire4051889382108426685\surefirebooter-20250514174626136_3.jar C:\Users\HTIJ-ROSALESJJ\AppData\Local\Temp\surefire4051889382108426685 2025-05-14T17-46-25_097-jvmRun1 surefire-20250514174626136_1tmp surefire_0-20250514174626136_2tmp"/>
    <property name="surefire.test.class.path" value="C:\VS\junit5_app\target\test-classes;C:\VS\junit5_app\target\classes;C:\Users\HTIJ-ROSALESJJ\.m2\repository\org\junit\jupiter\junit-jupiter-api\5.9.2\junit-jupiter-api-5.9.2.jar;C:\Users\HTIJ-ROSALESJJ\.m2\repository\org\opentest4j\opentest4j\1.2.0\opentest4j-1.2.0.jar;C:\Users\HTIJ-ROSALESJJ\.m2\repository\org\junit\platform\junit-platform-commons\1.9.2\junit-platform-commons-1.9.2.jar;C:\Users\HTIJ-ROSALESJJ\.m2\repository\org\apiguardian\apiguardian-api\1.1.2\apiguardian-api-1.1.2.jar;C:\Users\HTIJ-ROSALESJJ\.m2\repository\org\junit\jupiter\junit-jupiter-engine\5.9.2\junit-jupiter-engine-5.9.2.jar;C:\Users\HTIJ-ROSALESJJ\.m2\repository\org\junit\platform\junit-platform-engine\1.9.2\junit-platform-engine-1.9.2.jar;C:\Users\HTIJ-ROSALESJJ\.m2\repository\org\junit\jupiter\junit-jupiter-params\5.9.2\junit-jupiter-params-5.9.2.jar;"/>
    <property name="sun.cpu.endian" value="little"/>
    <property name="user.home" value="C:\Users\HTIJ-ROSALESJJ"/>
    <property name="user.language" value="es"/>
    <property name="java.specification.vendor" value="Oracle Corporation"/>
    <property name="java.home" value="C:\Program Files\Java\jdk1.8.0_311\jre"/>
    <property name="basedir" value="C:\VS\junit5_app"/>
    <property name="file.separator" value="\"/>
    <property name="line.separator" value="&#10;"/>
    <property name="java.vm.specification.vendor" value="Oracle Corporation"/>
    <property name="java.specification.name" value="Java Platform API Specification"/>
    <property name="java.awt.graphicsenv" value="sun.awt.Win32GraphicsEnvironment"/>
    <property name="surefire.real.class.path" value="C:\Users\HTIJ-ROSALESJJ\AppData\Local\Temp\surefire4051889382108426685\surefirebooter-20250514174626136_3.jar"/>
    <property name="sun.boot.class.path" value="C:\Program Files\Java\jdk1.8.0_311\jre\lib\resources.jar;C:\Program Files\Java\jdk1.8.0_311\jre\lib\rt.jar;C:\Program Files\Java\jdk1.8.0_311\jre\lib\sunrsasign.jar;C:\Program Files\Java\jdk1.8.0_311\jre\lib\jsse.jar;C:\Program Files\Java\jdk1.8.0_311\jre\lib\jce.jar;C:\Program Files\Java\jdk1.8.0_311\jre\lib\charsets.jar;C:\Program Files\Java\jdk1.8.0_311\jre\lib\jfr.jar;C:\Program Files\Java\jdk1.8.0_311\jre\classes"/>
    <property name="user.script" value=""/>
    <property name="sun.management.compiler" value="HotSpot 64-Bit Tiered Compilers"/>
    <property name="java.runtime.version" value="1.8.0_311-b11"/>
    <property name="user.name" value="HTIJ-ROSALESJJ"/>
    <property name="path.separator" value=";"/>
    <property name="os.version" value="10.0"/>
    <property name="java.endorsed.dirs" value="C:\Program Files\Java\jdk1.8.0_311\jre\lib\endorsed"/>
    <property name="java.runtime.name" value="Java(TM) SE Runtime Environment"/>
    <property name="file.encoding" value="Cp1252"/>
    <property name="java.vm.name" value="Java HotSpot(TM) 64-Bit Server VM"/>
    <property name="localRepository" value="C:\Users\HTIJ-ROSALESJJ\.m2\repository"/>
    <property name="java.vendor.url.bug" value="http://bugreport.sun.com/bugreport/"/>
    <property name="java.io.tmpdir" value="C:\Users\HTIJ-R~1\AppData\Local\Temp\"/>
    <property name="java.version" value="1.8.0_311"/>
    <property name="user.dir" value="C:\VS\junit5_app"/>
    <property name="os.arch" value="amd64"/>
    <property name="java.vm.specification.name" value="Java Virtual Machine Specification"/>
    <property name="java.awt.printerjob" value="sun.awt.windows.WPrinterJob"/>
    <property name="sun.os.patch.level" value=""/>
    <property name="java.library.path" value="C:\Program Files\Java\jdk1.8.0_311\jre\bin;C:\WINDOWS\Sun\Java\bin;C:\WINDOWS\system32;C:\WINDOWS;C:\Program Files\Java\jdk1.8.0_311\bin;C:\IDES\Maven\apache-maven-3.9.5-bin\apache-maven-3.9.5\bin;C:\ProgramData\Oracle\Java\javapath;C:\Program Files (x86)\Common Files\Oracle\Java\javapath;C:\WINDOWS\system32;C:\WINDOWS;C:\WINDOWS\System32\Wbem;C:\WINDOWS\System32\WindowsPowerShell\v1.0\;C:\WINDOWS\System32\OpenSSH\;C:\PROGRA~2\IBM\CLIENT~1;C:\PROGRA~2\IBM\CLIENT~1\Shared;C:\PROGRA~2\IBM\CLIENT~1\Emulator;C:\Program Files\Intel\WiFi\bin\;C:\Program Files\Common Files\Intel\WirelessCommon\;C:\Program Files (x86)\Intel\Intel(R) Management Engine Components\DAL;C:\Program Files\Intel\Intel(R) Management Engine Components\DAL;C:\Program Files\Git\cmd;C:\Users\HTIJ-ROSALESJJ\AppData\Local\Microsoft\WindowsApps;;C:\Users\HTIJ-ROSALESJJ\AppData\Local\Programs\Microsoft VS Code\bin;c:\Users\HTIJ-ROSALESJJ\AppData\Roaming\Code\User\globalStorage\github.copilot-chat\debugCommand;."/>
    <property name="java.vm.info" value="mixed mode"/>
    <property name="java.vendor" value="Oracle Corporation"/>
    <property name="java.vm.version" value="25.311-b11"/>
    <property name="java.ext.dirs" value="C:\Program Files\Java\jdk1.8.0_311\jre\lib\ext;C:\WINDOWS\Sun\Java\lib\ext"/>
    <property name="sun.io.unicode.encoding" value="UnicodeLittle"/>
    <property name="java.class.version" value="52.0"/>
  </properties>
  <testcase name="testProcesadores" classname="org.jrosales.junit5app.ejemplos.models.CuentaTest$VariableAmbienteTest" time="0.002">
    <system-out><![CDATA[iniciando el metodo.
finalizando el metodo de prueba.
]]></system-out>
  </testcase>
  <testcase name="testEnv" classname="org.jrosales.junit5app.ejemplos.models.CuentaTest$VariableAmbienteTest" time="0.0">
    <skipped message="Environment variable [ENVIRONMENT] does not exist"/>
  </testcase>
  <testcase name="testEnvProdDisabled" classname="org.jrosales.junit5app.ejemplos.models.CuentaTest$VariableAmbienteTest" time="0.002">
    <system-out><![CDATA[iniciando el metodo.
finalizando el metodo de prueba.
]]></system-out>
  </testcase>
  <testcase name="testJavaHome" classname="org.jrosales.junit5app.ejemplos.models.CuentaTest$VariableAmbienteTest" time="0.0">
    <skipped message="Environment variable [JAVA_HOME] with value [C:\Program Files\Java\jdk1.8.0_311] does not match regular expression [.*jdk-15.0.1.*]"/>
  </testcase>
  <testcase name="imprimirVariablesAmbiente" classname="org.jrosales.junit5app.ejemplos.models.CuentaTest$VariableAmbienteTest" time="0.004">
    <system-out><![CDATA[iniciando el metodo.
PATH = C:\Program Files\Java\jdk1.8.0_311\bin;C:\IDES\Maven\apache-maven-3.9.5-bin\apache-maven-3.9.5\bin;C:\ProgramData\Oracle\Java\javapath;C:\Program Files (x86)\Common Files\Oracle\Java\javapath;C:\WINDOWS\system32;C:\WINDOWS;C:\WINDOWS\System32\Wbem;C:\WINDOWS\System32\WindowsPowerShell\v1.0\;C:\WINDOWS\System32\OpenSSH\;C:\PROGRA~2\IBM\CLIENT~1;C:\PROGRA~2\IBM\CLIENT~1\Shared;C:\PROGRA~2\IBM\CLIENT~1\Emulator;C:\Program Files\Intel\WiFi\bin\;C:\Program Files\Common Files\Intel\WirelessCommon\;C:\Program Files (x86)\Intel\Intel(R) Management Engine Components\DAL;C:\Program Files\Intel\Intel(R) Management Engine Components\DAL;C:\Program Files\Git\cmd;C:\Users\HTIJ-ROSALESJJ\AppData\Local\Microsoft\WindowsApps;;C:\Users\HTIJ-ROSALESJJ\AppData\Local\Programs\Microsoft VS Code\bin;c:\Users\HTIJ-ROSALESJJ\AppData\Roaming\Code\User\globalStorage\github.copilot-chat\debugCommand
USERDOMAIN_ROAMINGPROFILE = HTIJROSALESJJ
PROCESSOR_LEVEL = 6
SYSTEMDRIVE = C:
SESSIONNAME = Console
ALLUSERSPROFILE = C:\ProgramData
PROCESSOR_ARCHITECTURE = AMD64
VSCODE_GIT_IPC_HANDLE = \\.\pipe\vscode-git-c612a174bf-sock
DRIVERDATA = C:\Windows\System32\Drivers\DriverData
MAVEN_HOME = C:\IDES\Maven\apache-maven-3.9.5-bin\apache-maven-3.9.5
PROGRAMFILES = C:\Program Files
VSCODE_INJECTION = 1
COLORTERM = truecolor
PSMODULEPATH = C:\Users\HTIJ-ROSALESJJ\Documents\WindowsPowerShell\Modules;C:\Program Files\WindowsPowerShell\Modules;C:\WINDOWS\system32\WindowsPowerShell\v1.0\Modules
PROGRAMDATA = C:\ProgramData
USERNAME = HTIJ-ROSALESJJ
VSCODE_GIT_ASKPASS_NODE = C:\Users\HTIJ-ROSALESJJ\AppData\Local\Programs\Microsoft VS Code\Code.exe
TERM_PROGRAM_VERSION = 1.100.0
GIT_ASKPASS = c:\Users\HTIJ-ROSALESJJ\AppData\Local\Programs\Microsoft VS Code\resources\app\extensions\git\dist\askpass.sh
WDIR = C:\
CHROME_CRASHPAD_PIPE_NAME = \\.\pipe\crashpad_31620_YFELVTXULFOAUHUT
VSCODE_STABLE = 1
ONEDRIVE = C:\Users\HTIJ-ROSALESJJ\OneDrive - GLOBAL HITSS
CONFIGSETROOT = C:\WINDOWS\ConfigSetRoot
PATHEXT = .COM;.EXE;.BAT;.CMD;.VBS;.VBE;.JS;.JSE;.WSF;.WSH;.MSC;.CPL
BPPDOMAIN_MANAGER_ASM = EdrDotNet, Version+130.0.0.0, Culture+neutral, PublicKeyToken+da1b3922653ea916
CLASSWORLDS_JAR = "C:\IDES\Maven\apache-maven-3.9.5-bin\apache-maven-3.9.5\boot\plexus-classworlds-2.7.0.jar"
WINDIR = C:\WINDOWS
ORIGINAL_XDG_CURRENT_DESKTOP = undefined
HOMEPATH = \Users\HTIJ-ROSALESJJ
PROCESSOR_IDENTIFIER = Intel64 Family 6 Model 60 Stepping 3, GenuineIntel
PUBLIC = C:\Users\Public
LOCALAPPDATA = C:\Users\HTIJ-ROSALESJJ\AppData\Local
COMMONPROGRAMFILES(X86) = C:\Program Files (x86)\Common Files
USERDOMAIN = HTIJROSALESJJ
LOGONSERVER = \\HTIJROSALESJJ
JAVA_HOME = C:\Program Files\Java\jdk1.8.0_311
PROMPT = $P$G
PROGRAMFILES(X86) = C:\Program Files (x86)
LANG = en_US.UTF-8
ERROR_CODE = 0
EXEC_DIR = C:\VS\junit5_app
VSCODE_GIT_ASKPASS_MAIN = c:\Users\HTIJ-ROSALESJJ\AppData\Local\Programs\Microsoft VS Code\resources\app\extensions\git\dist\askpass-main.js
BPPDOMAIN_MANAGER_TYPE = EdrDotNet.EdrAppDomainManager
=C: = C:\VS\junit5_app
APPDATA = C:\Users\HTIJ-ROSALESJJ\AppData\Roaming
PROGRAMW6432 = C:\Program Files
SYSTEMROOT = C:\WINDOWS
VSCODE_GIT_ASKPASS_EXTRA_ARGS = 
MAVEN_CMD_LINE_ARGS = clean test surefire-report:report
VBOX_MSI_INSTALL_PATH = C:\Program Files\Oracle\VirtualBox\
OS = Windows_NT
ONEDRIVECOMMERCIAL = C:\Users\HTIJ-ROSALESJJ\OneDrive - GLOBAL HITSS
TERM_PROGRAM = vscode
COMMONPROGRAMW6432 = C:\Program Files\Common Files
COMPUTERNAME = HTIJROSALESJJ
COMMONPROGRAMFILES = C:\Program Files\Common Files
COMSPEC = C:\WINDOWS\system32\cmd.exe
JAVACMD = C:\Program Files\Java\jdk1.8.0_311\bin\java.exe
MAVEN_PROJECTBASEDIR = C:\VS\junit5_app
PROCESSOR_REVISION = 3c03
VSCODE_NONCE = 42c2d7f5-7289-44be-b6e1-2a8748d95034
CLASSWORLDS_LAUNCHER = org.codehaus.plexus.classworlds.launcher.Launcher
TEMP = C:\Users\HTIJ-R~1\AppData\Local\Temp
HOMEDRIVE = C:
USERPROFILE = C:\Users\HTIJ-ROSALESJJ
TMP = C:\Users\HTIJ-R~1\AppData\Local\Temp
NUMBER_OF_PROCESSORS = 8
JVMCONFIG = \.mvn\jvm.config
finalizando el metodo de prueba.
]]></system-out>
  </testcase>
</testsuite>