<?xml version="1.0" encoding="UTF-8"?>
<testsuite xmlns:xsi="http://www.w3.org/2001/XMLSchema-instance" xsi:noNamespaceSchemaLocation="https://maven.apache.org/surefire/maven-surefire-plugin/xsd/surefire-test-report-3.0.xsd" version="3.0" name="org.jrosales.junit5app.ejemplos.models.CuentaTest$PruebasParametrizadasTest" time="0.0" tests="5" errors="0" skipped="5" failures="0">
  <properties/>
  <testcase name="testDebitoCuentaCsvSource2(String, String, String, String)" classname="org.jrosales.junit5app.ejemplos.models.CuentaTest$PruebasParametrizadasTest" time="0.0">
    <skipped message="class org.jrosales.junit5app.ejemplos.models.CuentaTest$PruebasParametrizadasTest is @Disabled"/>
  </testcase>
  <testcase name="testDebitoCuentaCsvSource(String, String)" classname="org.jrosales.junit5app.ejemplos.models.CuentaTest$PruebasParametrizadasTest" time="0.0">
    <skipped message="class org.jrosales.junit5app.ejemplos.models.CuentaTest$PruebasParametrizadasTest is @Disabled"/>
  </testcase>
  <testcase name="testDebitoCuentaCsvFileSource(String)" classname="org.jrosales.junit5app.ejemplos.models.CuentaTest$PruebasParametrizadasTest" time="0.0">
    <skipped message="class org.jrosales.junit5app.ejemplos.models.CuentaTest$PruebasParametrizadasTest is @Disabled"/>
  </testcase>
  <testcase name="testDebitoCuentaCsvFileSource2(String, String, String, String)" classname="org.jrosales.junit5app.ejemplos.models.CuentaTest$PruebasParametrizadasTest" time="0.0">
    <skipped message="class org.jrosales.junit5app.ejemplos.models.CuentaTest$PruebasParametrizadasTest is @Disabled"/>
  </testcase>
  <testcase name="testDebitoCuentaValueSource(String)" classname="org.jrosales.junit5app.ejemplos.models.CuentaTest$PruebasParametrizadasTest" time="0.0">
    <skipped message="class org.jrosales.junit5app.ejemplos.models.CuentaTest$PruebasParametrizadasTest is @Disabled"/>
  </testcase>
</testsuite>